<?xml version="1.0" encoding="UTF-8"?>
<!-- Generated by org.testng.reporters.JUnitReportReporter -->
<testsuite hostname="MMT-LPT-9239" failures="0" tests="2" name="TestRA.TestsRestAssured" time="3.128" errors="0" timestamp="2022-01-02T18:57:03 IST" skipped="0">
  <testcase classname="TestRA.TestsRestAssured" name="test_2" time="1.189"/>
  <system-out/>
  <testcase classname="TestRA.TestsRestAssured" name="test_1" time="1.939"/>
  <system-out/>
</testsuite> <!-- TestRA.TestsRestAssured -->
