<?xml version="1.0" encoding="UTF-8"?>
<!-- Generated by org.testng.reporters.JUnitReportReporter -->
<testsuite hostname="MMT-LPT-9239" failures="0" tests="1" name="TestRA.TestOnLocalAPi" time="2.128" errors="0" timestamp="2022-01-09T13:52:54 IST" skipped="0">
  <testcase classname="TestRA.TestOnLocalAPi" name="delete" time="2.128"/>
  <system-out/>
</testsuite> <!-- TestRA.TestOnLocalAPi -->
