<?xml version="1.0" encoding="UTF-8"?>
<!-- Generated by org.testng.reporters.JUnitReportReporter -->
<testsuite hostname="MMT-LPT-9239" failures="0" tests="1" name="TestRA.GetAndPostExamples" time="4.842" errors="0" timestamp="2022-01-09T11:44:30 IST" skipped="0">
  <testcase classname="TestRA.GetAndPostExamples" name="testPost" time="4.842"/>
  <system-out/>
</testsuite> <!-- TestRA.GetAndPostExamples -->
