<?xml version="1.0" encoding="UTF-8"?>
<!-- Generated by org.testng.reporters.JUnitReportReporter -->
<testsuite hostname="MMT-LPT-9239" failures="0" tests="3" name="TestRA.PutPatchDeleteMethods" time="6.686" errors="0" timestamp="2022-01-09T12:08:40 IST" skipped="0">
  <testcase classname="TestRA.PutPatchDeleteMethods" name="testPatch" time="1.398"/>
  <system-out/>
  <testcase classname="TestRA.PutPatchDeleteMethods" name="testPut" time="1.643"/>
  <system-out/>
  <testcase classname="TestRA.PutPatchDeleteMethods" name="testDelete" time="3.645"/>
  <system-out/>
</testsuite> <!-- TestRA.PutPatchDeleteMethods -->
